<?xml version="1.0" encoding="UTF-8"?>
<testng-results skipped="0" failed="0" ignored="16" total="23" passed="7">
  <reporter-output>
  </reporter-output>
  <suite name="Suite" duration-ms="201543" started-at="2020-08-07T18:25:14 IST" finished-at="2020-08-07T18:28:36 IST">
    <groups>
    </groups>
    <test name="Test" duration-ms="201543" started-at="2020-08-07T18:25:14 IST" finished-at="2020-08-07T18:28:36 IST">
      <class name="com.scripts.AddingProductToCartTest">
        <test-method status="PASS" signature="initApplication(java.lang.String)[pri:0, instance:com.scripts.AddingProductToCartTest@a38d7a3]" name="initApplication" is-config="true" duration-ms="16638" started-at="2020-08-07T18:27:19 IST" finished-at="2020-08-07T18:27:35 IST">
          <params>
            <param index="0">
              <value>
                <![CDATA[Chrome]]>
              </value>
            </param>
          </params>
          <reporter-output>
          </reporter-output>
        </test-method> <!-- initApplication -->
        <test-method status="PASS" signature="preCondition(java.lang.reflect.Method)[pri:0, instance:com.scripts.AddingProductToCartTest@a38d7a3]" name="preCondition" is-config="true" duration-ms="2905" started-at="2020-08-07T18:27:35 IST" finished-at="2020-08-07T18:27:38 IST">
          <params>
            <param index="0">
              <value>
                <![CDATA[public void com.scripts.AddingProductToCartTest.Login()]]>
              </value>
            </param>
          </params>
          <reporter-output>
          </reporter-output>
        </test-method> <!-- preCondition -->
        <test-method status="PASS" signature="Login()[pri:1, instance:com.scripts.AddingProductToCartTest@a38d7a3]" name="Login" duration-ms="14980" started-at="2020-08-07T18:27:38 IST" finished-at="2020-08-07T18:27:53 IST">
          <reporter-output>
          </reporter-output>
        </test-method> <!-- Login -->
        <test-method status="PASS" signature="postCondition(org.testng.ITestResult)[pri:0, instance:com.scripts.AddingProductToCartTest@a38d7a3]" name="postCondition" is-config="true" duration-ms="1" started-at="2020-08-07T18:27:53 IST" finished-at="2020-08-07T18:27:53 IST">
          <params>
            <param index="0">
              <value>
                <![CDATA[[TestResult name=Login status=SUCCESS method=AddingProductToCartTest.Login()[pri:1, instance:com.scripts.AddingProductToCartTest@a38d7a3] output={null}]]]>
              </value>
            </param>
          </params>
          <reporter-output>
          </reporter-output>
        </test-method> <!-- postCondition -->
        <test-method status="PASS" signature="preCondition(java.lang.reflect.Method)[pri:0, instance:com.scripts.AddingProductToCartTest@a38d7a3]" name="preCondition" is-config="true" duration-ms="1877" started-at="2020-08-07T18:27:53 IST" finished-at="2020-08-07T18:27:55 IST">
          <params>
            <param index="0">
              <value>
                <![CDATA[public void com.scripts.AddingProductToCartTest.scrollingAndAddingProduct()]]>
              </value>
            </param>
          </params>
          <reporter-output>
          </reporter-output>
        </test-method> <!-- preCondition -->
        <test-method status="PASS" signature="scrollingAndAddingProduct()[pri:2, instance:com.scripts.AddingProductToCartTest@a38d7a3]" name="scrollingAndAddingProduct" duration-ms="4782" started-at="2020-08-07T18:27:55 IST" finished-at="2020-08-07T18:28:00 IST">
          <reporter-output>
          </reporter-output>
        </test-method> <!-- scrollingAndAddingProduct -->
        <test-method status="PASS" signature="postCondition(org.testng.ITestResult)[pri:0, instance:com.scripts.AddingProductToCartTest@a38d7a3]" name="postCondition" is-config="true" duration-ms="2" started-at="2020-08-07T18:28:00 IST" finished-at="2020-08-07T18:28:00 IST">
          <params>
            <param index="0">
              <value>
                <![CDATA[[TestResult name=scrollingAndAddingProduct status=SUCCESS method=AddingProductToCartTest.scrollingAndAddingProduct()[pri:2, instance:com.scripts.AddingProductToCartTest@a38d7a3] output={null}]]]>
              </value>
            </param>
          </params>
          <reporter-output>
          </reporter-output>
        </test-method> <!-- postCondition -->
        <test-method status="PASS" signature="cleanApplication()[pri:0, instance:com.scripts.AddingProductToCartTest@a38d7a3]" name="cleanApplication" is-config="true" duration-ms="1" started-at="2020-08-07T18:28:00 IST" finished-at="2020-08-07T18:28:00 IST">
          <reporter-output>
          </reporter-output>
        </test-method> <!-- cleanApplication -->
      </class> <!-- com.scripts.AddingProductToCartTest -->
      <class name="com.scripts.InvalidLoginTest">
        <test-method status="PASS" signature="initFrameWork()[pri:0, instance:com.scripts.InvalidLoginTest@1e7c7811]" name="initFrameWork" is-config="true" duration-ms="505" started-at="2020-08-07T18:25:13 IST" finished-at="2020-08-07T18:25:14 IST">
          <reporter-output>
          </reporter-output>
        </test-method> <!-- initFrameWork -->
        <test-method status="PASS" signature="initBrowser(java.lang.String)[pri:0, instance:com.scripts.InvalidLoginTest@1e7c7811]" name="initBrowser" is-config="true" duration-ms="27" started-at="2020-08-07T18:25:14 IST" finished-at="2020-08-07T18:25:14 IST">
          <params>
            <param index="0">
              <value>
                <![CDATA[Chrome]]>
              </value>
            </param>
          </params>
          <reporter-output>
          </reporter-output>
        </test-method> <!-- initBrowser -->
        <test-method status="PASS" signature="initApplication(java.lang.String)[pri:0, instance:com.scripts.InvalidLoginTest@1e7c7811]" name="initApplication" is-config="true" duration-ms="18467" started-at="2020-08-07T18:25:14 IST" finished-at="2020-08-07T18:25:33 IST">
          <params>
            <param index="0">
              <value>
                <![CDATA[Chrome]]>
              </value>
            </param>
          </params>
          <reporter-output>
          </reporter-output>
        </test-method> <!-- initApplication -->
        <test-method status="PASS" signature="preCondition(java.lang.reflect.Method)[pri:0, instance:com.scripts.InvalidLoginTest@1e7c7811]" name="preCondition" is-config="true" duration-ms="3501" started-at="2020-08-07T18:25:33 IST" finished-at="2020-08-07T18:25:36 IST">
          <params>
            <param index="0">
              <value>
                <![CDATA[public void com.scripts.InvalidLoginTest.InvalidLoginTesting()]]>
              </value>
            </param>
          </params>
          <reporter-output>
          </reporter-output>
        </test-method> <!-- preCondition -->
        <test-method status="PASS" signature="InvalidLoginTesting()[pri:0, instance:com.scripts.InvalidLoginTest@1e7c7811]" name="InvalidLoginTesting" duration-ms="20839" started-at="2020-08-07T18:25:36 IST" finished-at="2020-08-07T18:25:57 IST">
          <reporter-output>
          </reporter-output>
        </test-method> <!-- InvalidLoginTesting -->
        <test-method status="PASS" signature="postCondition(org.testng.ITestResult)[pri:0, instance:com.scripts.InvalidLoginTest@1e7c7811]" name="postCondition" is-config="true" duration-ms="7" started-at="2020-08-07T18:25:57 IST" finished-at="2020-08-07T18:25:57 IST">
          <params>
            <param index="0">
              <value>
                <![CDATA[[TestResult name=InvalidLoginTesting status=SUCCESS method=InvalidLoginTest.InvalidLoginTesting()[pri:0, instance:com.scripts.InvalidLoginTest@1e7c7811] output={null}]]]>
              </value>
            </param>
          </params>
          <reporter-output>
          </reporter-output>
        </test-method> <!-- postCondition -->
        <test-method status="PASS" signature="cleanApplication()[pri:0, instance:com.scripts.InvalidLoginTest@1e7c7811]" name="cleanApplication" is-config="true" duration-ms="1" started-at="2020-08-07T18:25:57 IST" finished-at="2020-08-07T18:25:57 IST">
          <reporter-output>
          </reporter-output>
        </test-method> <!-- cleanApplication -->
        <test-method status="PASS" signature="closeBrowser(java.lang.String)[pri:0, instance:com.scripts.InvalidLoginTest@1e7c7811]" name="closeBrowser" is-config="true" duration-ms="2" started-at="2020-08-07T18:28:36 IST" finished-at="2020-08-07T18:28:36 IST">
          <params>
            <param index="0">
              <value>
                <![CDATA[Chrome]]>
              </value>
            </param>
          </params>
          <reporter-output>
          </reporter-output>
        </test-method> <!-- closeBrowser -->
        <test-method status="PASS" signature="closeFrameWork()[pri:0, instance:com.scripts.InvalidLoginTest@1e7c7811]" name="closeFrameWork" is-config="true" duration-ms="1574" started-at="2020-08-07T18:28:36 IST" finished-at="2020-08-07T18:28:37 IST">
          <reporter-output>
          </reporter-output>
        </test-method> <!-- closeFrameWork -->
      </class> <!-- com.scripts.InvalidLoginTest -->
      <class name="com.scripts.LoginTest">
        <test-method status="PASS" signature="initApplication(java.lang.String)[pri:0, instance:com.scripts.LoginTest@77ec78b9]" name="initApplication" is-config="true" duration-ms="16880" started-at="2020-08-07T18:25:57 IST" finished-at="2020-08-07T18:26:14 IST">
          <params>
            <param index="0">
              <value>
                <![CDATA[Chrome]]>
              </value>
            </param>
          </params>
          <reporter-output>
          </reporter-output>
        </test-method> <!-- initApplication -->
        <test-method status="PASS" signature="preCondition(java.lang.reflect.Method)[pri:0, instance:com.scripts.LoginTest@77ec78b9]" name="preCondition" is-config="true" duration-ms="2729" started-at="2020-08-07T18:26:14 IST" finished-at="2020-08-07T18:26:17 IST">
          <params>
            <param index="0">
              <value>
                <![CDATA[public void com.scripts.LoginTest.ValidLoginTesting()]]>
              </value>
            </param>
          </params>
          <reporter-output>
          </reporter-output>
        </test-method> <!-- preCondition -->
        <test-method status="PASS" signature="ValidLoginTesting()[pri:0, instance:com.scripts.LoginTest@77ec78b9]" name="ValidLoginTesting" duration-ms="22179" started-at="2020-08-07T18:26:17 IST" finished-at="2020-08-07T18:26:39 IST">
          <reporter-output>
          </reporter-output>
        </test-method> <!-- ValidLoginTesting -->
        <test-method status="PASS" signature="postCondition(org.testng.ITestResult)[pri:0, instance:com.scripts.LoginTest@77ec78b9]" name="postCondition" is-config="true" duration-ms="1" started-at="2020-08-07T18:26:39 IST" finished-at="2020-08-07T18:26:39 IST">
          <params>
            <param index="0">
              <value>
                <![CDATA[[TestResult name=ValidLoginTesting status=SUCCESS method=LoginTest.ValidLoginTesting()[pri:0, instance:com.scripts.LoginTest@77ec78b9] output={null}]]]>
              </value>
            </param>
          </params>
          <reporter-output>
          </reporter-output>
        </test-method> <!-- postCondition -->
        <test-method status="PASS" signature="cleanApplication()[pri:0, instance:com.scripts.LoginTest@77ec78b9]" name="cleanApplication" is-config="true" duration-ms="1" started-at="2020-08-07T18:26:39 IST" finished-at="2020-08-07T18:26:39 IST">
          <reporter-output>
          </reporter-output>
        </test-method> <!-- cleanApplication -->
      </class> <!-- com.scripts.LoginTest -->
      <class name="com.scripts.FunctionValidatingTest">
        <test-method status="PASS" signature="initApplication(java.lang.String)[pri:0, instance:com.scripts.FunctionValidatingTest@77f99a05]" name="initApplication" is-config="true" duration-ms="15917" started-at="2020-08-07T18:28:00 IST" finished-at="2020-08-07T18:28:16 IST">
          <params>
            <param index="0">
              <value>
                <![CDATA[Chrome]]>
              </value>
            </param>
          </params>
          <reporter-output>
          </reporter-output>
        </test-method> <!-- initApplication -->
        <test-method status="PASS" signature="preCondition(java.lang.reflect.Method)[pri:0, instance:com.scripts.FunctionValidatingTest@77f99a05]" name="preCondition" is-config="true" duration-ms="2059" started-at="2020-08-07T18:28:16 IST" finished-at="2020-08-07T18:28:18 IST">
          <params>
            <param index="0">
              <value>
                <![CDATA[public void com.scripts.FunctionValidatingTest.validateFunctionslity()]]>
              </value>
            </param>
          </params>
          <reporter-output>
          </reporter-output>
        </test-method> <!-- preCondition -->
        <test-method status="PASS" signature="validateFunctionslity()[pri:2, instance:com.scripts.FunctionValidatingTest@77f99a05]" name="validateFunctionslity" duration-ms="17623" started-at="2020-08-07T18:28:18 IST" finished-at="2020-08-07T18:28:35 IST">
          <reporter-output>
          </reporter-output>
        </test-method> <!-- validateFunctionslity -->
        <test-method status="PASS" signature="postCondition(org.testng.ITestResult)[pri:0, instance:com.scripts.FunctionValidatingTest@77f99a05]" name="postCondition" is-config="true" duration-ms="1" started-at="2020-08-07T18:28:36 IST" finished-at="2020-08-07T18:28:36 IST">
          <params>
            <param index="0">
              <value>
                <![CDATA[[TestResult name=validateFunctionslity status=SUCCESS method=FunctionValidatingTest.validateFunctionslity()[pri:2, instance:com.scripts.FunctionValidatingTest@77f99a05] output={null}]]]>
              </value>
            </param>
          </params>
          <reporter-output>
          </reporter-output>
        </test-method> <!-- postCondition -->
        <test-method status="PASS" signature="cleanApplication()[pri:0, instance:com.scripts.FunctionValidatingTest@77f99a05]" name="cleanApplication" is-config="true" duration-ms="1" started-at="2020-08-07T18:28:36 IST" finished-at="2020-08-07T18:28:36 IST">
          <reporter-output>
          </reporter-output>
        </test-method> <!-- cleanApplication -->
      </class> <!-- com.scripts.FunctionValidatingTest -->
      <class name="com.scripts.SearchValidateTest">
        <test-method status="PASS" signature="initApplication(java.lang.String)[pri:0, instance:com.scripts.SearchValidateTest@1a3869f4]" name="initApplication" is-config="true" duration-ms="15701" started-at="2020-08-07T18:26:39 IST" finished-at="2020-08-07T18:26:54 IST">
          <params>
            <param index="0">
              <value>
                <![CDATA[Chrome]]>
              </value>
            </param>
          </params>
          <reporter-output>
          </reporter-output>
        </test-method> <!-- initApplication -->
        <test-method status="PASS" signature="preCondition(java.lang.reflect.Method)[pri:0, instance:com.scripts.SearchValidateTest@1a3869f4]" name="preCondition" is-config="true" duration-ms="2150" started-at="2020-08-07T18:26:54 IST" finished-at="2020-08-07T18:26:57 IST">
          <params>
            <param index="0">
              <value>
                <![CDATA[public void com.scripts.SearchValidateTest.loginToApplicationm()]]>
              </value>
            </param>
          </params>
          <reporter-output>
          </reporter-output>
        </test-method> <!-- preCondition -->
        <test-method status="PASS" signature="loginToApplicationm()[pri:1, instance:com.scripts.SearchValidateTest@1a3869f4]" name="loginToApplicationm" duration-ms="13861" started-at="2020-08-07T18:26:57 IST" finished-at="2020-08-07T18:27:10 IST">
          <reporter-output>
          </reporter-output>
        </test-method> <!-- loginToApplicationm -->
        <test-method status="PASS" signature="postCondition(org.testng.ITestResult)[pri:0, instance:com.scripts.SearchValidateTest@1a3869f4]" name="postCondition" is-config="true" duration-ms="1" started-at="2020-08-07T18:27:10 IST" finished-at="2020-08-07T18:27:10 IST">
          <params>
            <param index="0">
              <value>
                <![CDATA[[TestResult name=loginToApplicationm status=SUCCESS method=SearchValidateTest.loginToApplicationm()[pri:1, instance:com.scripts.SearchValidateTest@1a3869f4] output={null}]]]>
              </value>
            </param>
          </params>
          <reporter-output>
          </reporter-output>
        </test-method> <!-- postCondition -->
        <test-method status="PASS" signature="preCondition(java.lang.reflect.Method)[pri:0, instance:com.scripts.SearchValidateTest@1a3869f4]" name="preCondition" is-config="true" duration-ms="1999" started-at="2020-08-07T18:27:10 IST" finished-at="2020-08-07T18:27:12 IST">
          <params>
            <param index="0">
              <value>
                <![CDATA[public void com.scripts.SearchValidateTest.validatingProductSearch()]]>
              </value>
            </param>
          </params>
          <reporter-output>
          </reporter-output>
        </test-method> <!-- preCondition -->
        <test-method status="PASS" signature="validatingProductSearch()[pri:2, instance:com.scripts.SearchValidateTest@1a3869f4]" name="validatingProductSearch" duration-ms="6221" started-at="2020-08-07T18:27:12 IST" finished-at="2020-08-07T18:27:19 IST">
          <reporter-output>
          </reporter-output>
        </test-method> <!-- validatingProductSearch -->
        <test-method status="PASS" signature="postCondition(org.testng.ITestResult)[pri:0, instance:com.scripts.SearchValidateTest@1a3869f4]" name="postCondition" is-config="true" duration-ms="1" started-at="2020-08-07T18:27:19 IST" finished-at="2020-08-07T18:27:19 IST">
          <params>
            <param index="0">
              <value>
                <![CDATA[[TestResult name=validatingProductSearch status=SUCCESS method=SearchValidateTest.validatingProductSearch()[pri:2, instance:com.scripts.SearchValidateTest@1a3869f4] output={null}]]]>
              </value>
            </param>
          </params>
          <reporter-output>
          </reporter-output>
        </test-method> <!-- postCondition -->
        <test-method status="PASS" signature="cleanApplication()[pri:0, instance:com.scripts.SearchValidateTest@1a3869f4]" name="cleanApplication" is-config="true" duration-ms="1" started-at="2020-08-07T18:27:19 IST" finished-at="2020-08-07T18:27:19 IST">
          <reporter-output>
          </reporter-output>
        </test-method> <!-- cleanApplication -->
      </class> <!-- com.scripts.SearchValidateTest -->
    </test> <!-- Test -->
  </suite> <!-- Suite -->
</testng-results>
