<?xml version="1.0" encoding="UTF-8"?>
<!-- Generated by org.testng.reporters.JUnitXMLReporter -->
<testsuite hostname="GopinathKumsi" ignored="16" name="Test" tests="8" failures="0" timestamp="2020-08-06T20:29:08 IST" time="183.839" errors="0">
  <testcase name="InvalidLoginTesting" time="19.864" classname="com.scripts.InvalidLoginTest"/>
  <testcase name="ValidLoginTesting" time="17.86" classname="com.scripts.LoginTest"/>
  <testcase name="loginToApplicationm" time="14.522" classname="com.scripts.SearchValidateTest"/>
  <testcase name="validatingProductSearch" time="5.553" classname="com.scripts.SearchValidateTest"/>
  <testcase name="Login" time="12.535" classname="com.scripts.AddingProductToCartTest"/>
  <testcase name="scrollingAndAddingProduct" time="4.244" classname="com.scripts.AddingProductToCartTest"/>
  <testcase name="loginToApplicationm" time="14.124" classname="com.scripts.FunctionValidatingTest"/>
  <testcase name="validateFunctionslity" time="10.203" classname="com.scripts.FunctionValidatingTest"/>
  <testcase name="@BeforeSuite initFrameWork" time="0.0" classname="com.common.BaseTest">
    <ignored/>
  </testcase> <!-- @BeforeSuite initFrameWork -->
  <testcase name="@BeforeSuite initFrameWork" time="0.0" classname="com.common.BaseTest">
    <ignored/>
  </testcase> <!-- @BeforeSuite initFrameWork -->
  <testcase name="@BeforeSuite initFrameWork" time="0.0" classname="com.common.BaseTest">
    <ignored/>
  </testcase> <!-- @BeforeSuite initFrameWork -->
  <testcase name="@BeforeSuite initFrameWork" time="0.0" classname="com.common.BaseTest">
    <ignored/>
  </testcase> <!-- @BeforeSuite initFrameWork -->
  <testcase name="@BeforeTest initBrowser" time="0.0" classname="com.common.BaseTest">
    <ignored/>
  </testcase> <!-- @BeforeTest initBrowser -->
  <testcase name="@BeforeTest initBrowser" time="0.0" classname="com.common.BaseTest">
    <ignored/>
  </testcase> <!-- @BeforeTest initBrowser -->
  <testcase name="@BeforeTest initBrowser" time="0.0" classname="com.common.BaseTest">
    <ignored/>
  </testcase> <!-- @BeforeTest initBrowser -->
  <testcase name="@BeforeTest initBrowser" time="0.0" classname="com.common.BaseTest">
    <ignored/>
  </testcase> <!-- @BeforeTest initBrowser -->
  <testcase name="@AfterTest closeBrowser" time="0.0" classname="com.common.BaseTest">
    <ignored/>
  </testcase> <!-- @AfterTest closeBrowser -->
  <testcase name="@AfterTest closeBrowser" time="0.0" classname="com.common.BaseTest">
    <ignored/>
  </testcase> <!-- @AfterTest closeBrowser -->
  <testcase name="@AfterTest closeBrowser" time="0.0" classname="com.common.BaseTest">
    <ignored/>
  </testcase> <!-- @AfterTest closeBrowser -->
  <testcase name="@AfterTest closeBrowser" time="0.0" classname="com.common.BaseTest">
    <ignored/>
  </testcase> <!-- @AfterTest closeBrowser -->
  <testcase name="@AfterSuite closeFrameWork" time="0.0" classname="com.common.BaseTest">
    <ignored/>
  </testcase> <!-- @AfterSuite closeFrameWork -->
  <testcase name="@AfterSuite closeFrameWork" time="0.0" classname="com.common.BaseTest">
    <ignored/>
  </testcase> <!-- @AfterSuite closeFrameWork -->
  <testcase name="@AfterSuite closeFrameWork" time="0.0" classname="com.common.BaseTest">
    <ignored/>
  </testcase> <!-- @AfterSuite closeFrameWork -->
  <testcase name="@AfterSuite closeFrameWork" time="0.0" classname="com.common.BaseTest">
    <ignored/>
  </testcase> <!-- @AfterSuite closeFrameWork -->
</testsuite> <!-- Test -->
