<?xml version="1.0" encoding="UTF-8"?>
<!-- Generated by org.testng.reporters.JUnitXMLReporter -->
<testsuite hostname="GopinathKumsi" ignored="16" name="Test" tests="7" failures="0" timestamp="2020-08-07T18:28:36 IST" time="201.543" errors="0">
  <testcase name="InvalidLoginTesting" time="20.839" classname="com.scripts.InvalidLoginTest"/>
  <testcase name="ValidLoginTesting" time="22.179" classname="com.scripts.LoginTest"/>
  <testcase name="loginToApplicationm" time="13.861" classname="com.scripts.SearchValidateTest"/>
  <testcase name="validatingProductSearch" time="6.221" classname="com.scripts.SearchValidateTest"/>
  <testcase name="Login" time="14.98" classname="com.scripts.AddingProductToCartTest"/>
  <testcase name="scrollingAndAddingProduct" time="4.782" classname="com.scripts.AddingProductToCartTest"/>
  <testcase name="validateFunctionslity" time="17.623" classname="com.scripts.FunctionValidatingTest"/>
  <testcase name="@BeforeSuite initFrameWork" time="0.0" classname="com.common.BaseTest">
    <ignored/>
  </testcase> <!-- @BeforeSuite initFrameWork -->
  <testcase name="@BeforeSuite initFrameWork" time="0.0" classname="com.common.BaseTest">
    <ignored/>
  </testcase> <!-- @BeforeSuite initFrameWork -->
  <testcase name="@BeforeSuite initFrameWork" time="0.0" classname="com.common.BaseTest">
    <ignored/>
  </testcase> <!-- @BeforeSuite initFrameWork -->
  <testcase name="@BeforeSuite initFrameWork" time="0.0" classname="com.common.BaseTest">
    <ignored/>
  </testcase> <!-- @BeforeSuite initFrameWork -->
  <testcase name="@BeforeTest initBrowser" time="0.0" classname="com.common.BaseTest">
    <ignored/>
  </testcase> <!-- @BeforeTest initBrowser -->
  <testcase name="@BeforeTest initBrowser" time="0.0" classname="com.common.BaseTest">
    <ignored/>
  </testcase> <!-- @BeforeTest initBrowser -->
  <testcase name="@BeforeTest initBrowser" time="0.0" classname="com.common.BaseTest">
    <ignored/>
  </testcase> <!-- @BeforeTest initBrowser -->
  <testcase name="@BeforeTest initBrowser" time="0.0" classname="com.common.BaseTest">
    <ignored/>
  </testcase> <!-- @BeforeTest initBrowser -->
  <testcase name="@AfterTest closeBrowser" time="0.0" classname="com.common.BaseTest">
    <ignored/>
  </testcase> <!-- @AfterTest closeBrowser -->
  <testcase name="@AfterTest closeBrowser" time="0.0" classname="com.common.BaseTest">
    <ignored/>
  </testcase> <!-- @AfterTest closeBrowser -->
  <testcase name="@AfterTest closeBrowser" time="0.0" classname="com.common.BaseTest">
    <ignored/>
  </testcase> <!-- @AfterTest closeBrowser -->
  <testcase name="@AfterTest closeBrowser" time="0.0" classname="com.common.BaseTest">
    <ignored/>
  </testcase> <!-- @AfterTest closeBrowser -->
  <testcase name="@AfterSuite closeFrameWork" time="0.0" classname="com.common.BaseTest">
    <ignored/>
  </testcase> <!-- @AfterSuite closeFrameWork -->
  <testcase name="@AfterSuite closeFrameWork" time="0.0" classname="com.common.BaseTest">
    <ignored/>
  </testcase> <!-- @AfterSuite closeFrameWork -->
  <testcase name="@AfterSuite closeFrameWork" time="0.0" classname="com.common.BaseTest">
    <ignored/>
  </testcase> <!-- @AfterSuite closeFrameWork -->
  <testcase name="@AfterSuite closeFrameWork" time="0.0" classname="com.common.BaseTest">
    <ignored/>
  </testcase> <!-- @AfterSuite closeFrameWork -->
</testsuite> <!-- Test -->
