<?xml version="1.0" encoding="UTF-8" ?>
<testsuite tests="7" failures="0" name="TestSuite" time="94.018" errors="0" skipped="0">
  <properties>
[...]
</properties>
  <testcase classname="com.scripts.AddingProductToCartTest" name="Login" time="20.665"/>
  <testcase classname="com.scripts.AddingProductToCartTest" name="scrollingAndAddingProduct" time="6.746"/>
  <testcase classname="com.scripts.FunctionValidatingTest" name="validateFunctionslity" time="11.142"/>
  <testcase classname="com.scripts.InvalidLoginTest" name="InvalidLoginTesting" time="16.535"/>
  <testcase classname="com.scripts.LoginTest" name="ValidLoginTesting" time="15.466"/>
  <testcase classname="com.scripts.SearchValidateTest" name="loginToApplicationm" time="15.552"/>
  <testcase classname="com.scripts.SearchValidateTest" name="validatingProductSearch" time="7.912"/>
</testsuite>