<?xml version="1.0" encoding="UTF-8"?>
<testng-results ignored="20" total="27" passed="7" failed="0" skipped="0">
  <reporter-output>
  </reporter-output>
  <suite started-at="2020-09-01T15:26:55 IST" name="Command line suite" finished-at="2020-09-01T15:33:05 IST" duration-ms="370148">
    <groups>
    </groups>
    <test started-at="2020-09-01T15:26:55 IST" name="Command line test" finished-at="2020-09-01T15:33:05 IST" duration-ms="370148">
      <class name="com.scripts.AddingProductToCartTest">
        <test-method is-config="true" signature="initApplication(java.lang.String)[pri:0, instance:com.scripts.AddingProductToCartTest@49c43f4e]" started-at="2020-09-01T15:26:55 IST" name="initApplication" finished-at="2020-09-01T15:28:49 IST" duration-ms="113765" status="PASS">
          <params>
            <param index="0">
              <value>
                <![CDATA[Chrome]]>
              </value>
            </param>
          </params>
          <reporter-output>
          </reporter-output>
        </test-method> <!-- initApplication -->
        <test-method is-config="true" signature="preCondition(java.lang.reflect.Method)[pri:0, instance:com.scripts.AddingProductToCartTest@49c43f4e]" started-at="2020-09-01T15:28:49 IST" name="preCondition" finished-at="2020-09-01T15:29:01 IST" duration-ms="11674" status="PASS">
          <params>
            <param index="0">
              <value>
                <![CDATA[public void com.scripts.AddingProductToCartTest.Login()]]>
              </value>
            </param>
          </params>
          <reporter-output>
          </reporter-output>
        </test-method> <!-- preCondition -->
        <test-method signature="Login()[pri:1, instance:com.scripts.AddingProductToCartTest@49c43f4e]" started-at="2020-09-01T15:29:01 IST" name="Login" finished-at="2020-09-01T15:29:41 IST" duration-ms="40011" status="PASS">
          <reporter-output>
          </reporter-output>
        </test-method> <!-- Login -->
        <test-method is-config="true" signature="postCondition(org.testng.ITestResult)[pri:0, instance:com.scripts.AddingProductToCartTest@49c43f4e]" started-at="2020-09-01T15:29:41 IST" name="postCondition" finished-at="2020-09-01T15:29:41 IST" duration-ms="7" status="PASS">
          <params>
            <param index="0">
              <value>
                <![CDATA[[TestResult name=Login status=SUCCESS method=AddingProductToCartTest.Login()[pri:1, instance:com.scripts.AddingProductToCartTest@49c43f4e] output={null}]]]>
              </value>
            </param>
          </params>
          <reporter-output>
          </reporter-output>
        </test-method> <!-- postCondition -->
        <test-method is-config="true" signature="preCondition(java.lang.reflect.Method)[pri:0, instance:com.scripts.AddingProductToCartTest@49c43f4e]" started-at="2020-09-01T15:29:41 IST" name="preCondition" finished-at="2020-09-01T15:29:43 IST" duration-ms="2200" status="PASS">
          <params>
            <param index="0">
              <value>
                <![CDATA[public void com.scripts.AddingProductToCartTest.scrollingAndAddingProduct()]]>
              </value>
            </param>
          </params>
          <reporter-output>
          </reporter-output>
        </test-method> <!-- preCondition -->
        <test-method signature="scrollingAndAddingProduct()[pri:2, instance:com.scripts.AddingProductToCartTest@49c43f4e]" started-at="2020-09-01T15:29:43 IST" name="scrollingAndAddingProduct" finished-at="2020-09-01T15:29:56 IST" duration-ms="12431" status="PASS">
          <reporter-output>
          </reporter-output>
        </test-method> <!-- scrollingAndAddingProduct -->
        <test-method is-config="true" signature="postCondition(org.testng.ITestResult)[pri:0, instance:com.scripts.AddingProductToCartTest@49c43f4e]" started-at="2020-09-01T15:29:56 IST" name="postCondition" finished-at="2020-09-01T15:29:56 IST" duration-ms="6" status="PASS">
          <params>
            <param index="0">
              <value>
                <![CDATA[[TestResult name=scrollingAndAddingProduct status=SUCCESS method=AddingProductToCartTest.scrollingAndAddingProduct()[pri:2, instance:com.scripts.AddingProductToCartTest@49c43f4e] output={null}]]]>
              </value>
            </param>
          </params>
          <reporter-output>
          </reporter-output>
        </test-method> <!-- postCondition -->
        <test-method is-config="true" signature="cleanApplication()[pri:0, instance:com.scripts.AddingProductToCartTest@49c43f4e]" started-at="2020-09-01T15:29:56 IST" name="cleanApplication" finished-at="2020-09-01T15:29:56 IST" duration-ms="0" status="PASS">
          <reporter-output>
          </reporter-output>
        </test-method> <!-- cleanApplication -->
      </class> <!-- com.scripts.AddingProductToCartTest -->
      <class name="com.scripts.InvalidLoginTest">
        <test-method is-config="true" signature="initApplication(java.lang.String)[pri:0, instance:com.scripts.InvalidLoginTest@12028586]" started-at="2020-09-01T15:30:44 IST" name="initApplication" finished-at="2020-09-01T15:31:05 IST" duration-ms="20587" status="PASS">
          <params>
            <param index="0">
              <value>
                <![CDATA[Chrome]]>
              </value>
            </param>
          </params>
          <reporter-output>
          </reporter-output>
        </test-method> <!-- initApplication -->
        <test-method is-config="true" signature="preCondition(java.lang.reflect.Method)[pri:0, instance:com.scripts.InvalidLoginTest@12028586]" started-at="2020-09-01T15:31:05 IST" name="preCondition" finished-at="2020-09-01T15:31:06 IST" duration-ms="1757" status="PASS">
          <params>
            <param index="0">
              <value>
                <![CDATA[public void com.scripts.InvalidLoginTest.InvalidLoginTesting()]]>
              </value>
            </param>
          </params>
          <reporter-output>
          </reporter-output>
        </test-method> <!-- preCondition -->
        <test-method signature="InvalidLoginTesting()[pri:0, instance:com.scripts.InvalidLoginTest@12028586]" started-at="2020-09-01T15:31:06 IST" name="InvalidLoginTesting" finished-at="2020-09-01T15:31:23 IST" duration-ms="16204" status="PASS">
          <reporter-output>
          </reporter-output>
        </test-method> <!-- InvalidLoginTesting -->
        <test-method is-config="true" signature="postCondition(org.testng.ITestResult)[pri:0, instance:com.scripts.InvalidLoginTest@12028586]" started-at="2020-09-01T15:31:23 IST" name="postCondition" finished-at="2020-09-01T15:31:23 IST" duration-ms="1" status="PASS">
          <params>
            <param index="0">
              <value>
                <![CDATA[[TestResult name=InvalidLoginTesting status=SUCCESS method=InvalidLoginTest.InvalidLoginTesting()[pri:0, instance:com.scripts.InvalidLoginTest@12028586] output={null}]]]>
              </value>
            </param>
          </params>
          <reporter-output>
          </reporter-output>
        </test-method> <!-- postCondition -->
        <test-method is-config="true" signature="cleanApplication()[pri:0, instance:com.scripts.InvalidLoginTest@12028586]" started-at="2020-09-01T15:31:23 IST" name="cleanApplication" finished-at="2020-09-01T15:31:23 IST" duration-ms="1" status="PASS">
          <reporter-output>
          </reporter-output>
        </test-method> <!-- cleanApplication -->
      </class> <!-- com.scripts.InvalidLoginTest -->
      <class name="com.scripts.LoginTest">
        <test-method is-config="true" signature="initApplication(java.lang.String)[pri:0, instance:com.scripts.LoginTest@17776a8]" started-at="2020-09-01T15:31:23 IST" name="initApplication" finished-at="2020-09-01T15:31:41 IST" duration-ms="18900" status="PASS">
          <params>
            <param index="0">
              <value>
                <![CDATA[Chrome]]>
              </value>
            </param>
          </params>
          <reporter-output>
          </reporter-output>
        </test-method> <!-- initApplication -->
        <test-method is-config="true" signature="preCondition(java.lang.reflect.Method)[pri:0, instance:com.scripts.LoginTest@17776a8]" started-at="2020-09-01T15:31:41 IST" name="preCondition" finished-at="2020-09-01T15:31:45 IST" duration-ms="3954" status="PASS">
          <params>
            <param index="0">
              <value>
                <![CDATA[public void com.scripts.LoginTest.ValidLoginTesting()]]>
              </value>
            </param>
          </params>
          <reporter-output>
          </reporter-output>
        </test-method> <!-- preCondition -->
        <test-method signature="ValidLoginTesting()[pri:0, instance:com.scripts.LoginTest@17776a8]" started-at="2020-09-01T15:31:45 IST" name="ValidLoginTesting" finished-at="2020-09-01T15:32:04 IST" duration-ms="18268" status="PASS">
          <reporter-output>
          </reporter-output>
        </test-method> <!-- ValidLoginTesting -->
        <test-method is-config="true" signature="postCondition(org.testng.ITestResult)[pri:0, instance:com.scripts.LoginTest@17776a8]" started-at="2020-09-01T15:32:04 IST" name="postCondition" finished-at="2020-09-01T15:32:04 IST" duration-ms="1" status="PASS">
          <params>
            <param index="0">
              <value>
                <![CDATA[[TestResult name=ValidLoginTesting status=SUCCESS method=LoginTest.ValidLoginTesting()[pri:0, instance:com.scripts.LoginTest@17776a8] output={null}]]]>
              </value>
            </param>
          </params>
          <reporter-output>
          </reporter-output>
        </test-method> <!-- postCondition -->
        <test-method is-config="true" signature="cleanApplication()[pri:0, instance:com.scripts.LoginTest@17776a8]" started-at="2020-09-01T15:32:04 IST" name="cleanApplication" finished-at="2020-09-01T15:32:04 IST" duration-ms="0" status="PASS">
          <reporter-output>
          </reporter-output>
        </test-method> <!-- cleanApplication -->
      </class> <!-- com.scripts.LoginTest -->
      <class name="com.scripts.FunctionValidatingTest">
        <test-method is-config="true" signature="initApplication(java.lang.String)[pri:0, instance:com.scripts.FunctionValidatingTest@290dbf45]" started-at="2020-09-01T15:29:56 IST" name="initApplication" finished-at="2020-09-01T15:30:21 IST" duration-ms="25294" status="PASS">
          <params>
            <param index="0">
              <value>
                <![CDATA[Chrome]]>
              </value>
            </param>
          </params>
          <reporter-output>
          </reporter-output>
        </test-method> <!-- initApplication -->
        <test-method is-config="true" signature="preCondition(java.lang.reflect.Method)[pri:0, instance:com.scripts.FunctionValidatingTest@290dbf45]" started-at="2020-09-01T15:30:21 IST" name="preCondition" finished-at="2020-09-01T15:30:23 IST" duration-ms="1896" status="PASS">
          <params>
            <param index="0">
              <value>
                <![CDATA[public void com.scripts.FunctionValidatingTest.validateFunctionslity()]]>
              </value>
            </param>
          </params>
          <reporter-output>
          </reporter-output>
        </test-method> <!-- preCondition -->
        <test-method signature="validateFunctionslity()[pri:2, instance:com.scripts.FunctionValidatingTest@290dbf45]" started-at="2020-09-01T15:30:23 IST" name="validateFunctionslity" finished-at="2020-09-01T15:30:44 IST" duration-ms="20960" status="PASS">
          <reporter-output>
          </reporter-output>
        </test-method> <!-- validateFunctionslity -->
        <test-method is-config="true" signature="postCondition(org.testng.ITestResult)[pri:0, instance:com.scripts.FunctionValidatingTest@290dbf45]" started-at="2020-09-01T15:30:44 IST" name="postCondition" finished-at="2020-09-01T15:30:44 IST" duration-ms="1" status="PASS">
          <params>
            <param index="0">
              <value>
                <![CDATA[[TestResult name=validateFunctionslity status=SUCCESS method=FunctionValidatingTest.validateFunctionslity()[pri:2, instance:com.scripts.FunctionValidatingTest@290dbf45] output={null}]]]>
              </value>
            </param>
          </params>
          <reporter-output>
          </reporter-output>
        </test-method> <!-- postCondition -->
        <test-method is-config="true" signature="cleanApplication()[pri:0, instance:com.scripts.FunctionValidatingTest@290dbf45]" started-at="2020-09-01T15:30:44 IST" name="cleanApplication" finished-at="2020-09-01T15:30:44 IST" duration-ms="0" status="PASS">
          <reporter-output>
          </reporter-output>
        </test-method> <!-- cleanApplication -->
      </class> <!-- com.scripts.FunctionValidatingTest -->
      <class name="com.common.BaseTest">
        <test-method is-config="true" signature="initFrameWork()[pri:0, instance:com.common.BaseTest@799d4f69]" started-at="2020-09-01T15:26:53 IST" name="initFrameWork" finished-at="2020-09-01T15:26:55 IST" duration-ms="1892" status="PASS">
          <reporter-output>
          </reporter-output>
        </test-method> <!-- initFrameWork -->
        <test-method is-config="true" signature="initBrowser(java.lang.String)[pri:0, instance:com.common.BaseTest@799d4f69]" started-at="2020-09-01T15:26:55 IST" name="initBrowser" finished-at="2020-09-01T15:26:55 IST" duration-ms="39" status="PASS">
          <params>
            <param index="0">
              <value>
                <![CDATA[Chrome]]>
              </value>
            </param>
          </params>
          <reporter-output>
          </reporter-output>
        </test-method> <!-- initBrowser -->
        <test-method is-config="true" signature="closeBrowser(java.lang.String)[pri:0, instance:com.common.BaseTest@799d4f69]" started-at="2020-09-01T15:33:05 IST" name="closeBrowser" finished-at="2020-09-01T15:33:05 IST" duration-ms="1" status="PASS">
          <params>
            <param index="0">
              <value>
                <![CDATA[Chrome]]>
              </value>
            </param>
          </params>
          <reporter-output>
          </reporter-output>
        </test-method> <!-- closeBrowser -->
        <test-method is-config="true" signature="closeFrameWork()[pri:0, instance:com.common.BaseTest@799d4f69]" started-at="2020-09-01T15:33:05 IST" name="closeFrameWork" finished-at="2020-09-01T15:33:07 IST" duration-ms="1466" status="PASS">
          <reporter-output>
          </reporter-output>
        </test-method> <!-- closeFrameWork -->
      </class> <!-- com.common.BaseTest -->
      <class name="com.scripts.SearchValidateTest">
        <test-method is-config="true" signature="initApplication(java.lang.String)[pri:0, instance:com.scripts.SearchValidateTest@69a10787]" started-at="2020-09-01T15:32:04 IST" name="initApplication" finished-at="2020-09-01T15:32:27 IST" duration-ms="22947" status="PASS">
          <params>
            <param index="0">
              <value>
                <![CDATA[Chrome]]>
              </value>
            </param>
          </params>
          <reporter-output>
          </reporter-output>
        </test-method> <!-- initApplication -->
        <test-method is-config="true" signature="preCondition(java.lang.reflect.Method)[pri:0, instance:com.scripts.SearchValidateTest@69a10787]" started-at="2020-09-01T15:32:27 IST" name="preCondition" finished-at="2020-09-01T15:32:30 IST" duration-ms="3060" status="PASS">
          <params>
            <param index="0">
              <value>
                <![CDATA[public void com.scripts.SearchValidateTest.loginToApplicationm()]]>
              </value>
            </param>
          </params>
          <reporter-output>
          </reporter-output>
        </test-method> <!-- preCondition -->
        <test-method signature="loginToApplicationm()[pri:1, instance:com.scripts.SearchValidateTest@69a10787]" started-at="2020-09-01T15:32:30 IST" name="loginToApplicationm" finished-at="2020-09-01T15:32:48 IST" duration-ms="18797" status="PASS">
          <reporter-output>
          </reporter-output>
        </test-method> <!-- loginToApplicationm -->
        <test-method is-config="true" signature="postCondition(org.testng.ITestResult)[pri:0, instance:com.scripts.SearchValidateTest@69a10787]" started-at="2020-09-01T15:32:48 IST" name="postCondition" finished-at="2020-09-01T15:32:48 IST" duration-ms="1" status="PASS">
          <params>
            <param index="0">
              <value>
                <![CDATA[[TestResult name=loginToApplicationm status=SUCCESS method=SearchValidateTest.loginToApplicationm()[pri:1, instance:com.scripts.SearchValidateTest@69a10787] output={null}]]]>
              </value>
            </param>
          </params>
          <reporter-output>
          </reporter-output>
        </test-method> <!-- postCondition -->
        <test-method is-config="true" signature="preCondition(java.lang.reflect.Method)[pri:0, instance:com.scripts.SearchValidateTest@69a10787]" started-at="2020-09-01T15:32:48 IST" name="preCondition" finished-at="2020-09-01T15:32:51 IST" duration-ms="2628" status="PASS">
          <params>
            <param index="0">
              <value>
                <![CDATA[public void com.scripts.SearchValidateTest.validatingProductSearch()]]>
              </value>
            </param>
          </params>
          <reporter-output>
          </reporter-output>
        </test-method> <!-- preCondition -->
        <test-method signature="validatingProductSearch()[pri:2, instance:com.scripts.SearchValidateTest@69a10787]" started-at="2020-09-01T15:32:51 IST" name="validatingProductSearch" finished-at="2020-09-01T15:33:05 IST" duration-ms="13787" status="PASS">
          <reporter-output>
          </reporter-output>
        </test-method> <!-- validatingProductSearch -->
        <test-method is-config="true" signature="postCondition(org.testng.ITestResult)[pri:0, instance:com.scripts.SearchValidateTest@69a10787]" started-at="2020-09-01T15:33:05 IST" name="postCondition" finished-at="2020-09-01T15:33:05 IST" duration-ms="1" status="PASS">
          <params>
            <param index="0">
              <value>
                <![CDATA[[TestResult name=validatingProductSearch status=SUCCESS method=SearchValidateTest.validatingProductSearch()[pri:2, instance:com.scripts.SearchValidateTest@69a10787] output={null}]]]>
              </value>
            </param>
          </params>
          <reporter-output>
          </reporter-output>
        </test-method> <!-- postCondition -->
        <test-method is-config="true" signature="cleanApplication()[pri:0, instance:com.scripts.SearchValidateTest@69a10787]" started-at="2020-09-01T15:33:05 IST" name="cleanApplication" finished-at="2020-09-01T15:33:05 IST" duration-ms="0" status="PASS">
          <reporter-output>
          </reporter-output>
        </test-method> <!-- cleanApplication -->
      </class> <!-- com.scripts.SearchValidateTest -->
    </test> <!-- Command line test -->
  </suite> <!-- Command line suite -->
</testng-results>
