<?xml version="1.0" encoding="UTF-8" ?>
<testsuite tests="7" failures="0" name="TestSuite" time="140.435" errors="0" skipped="0">
  <properties>
[...]
</properties>
  <testcase classname="com.scripts.AddingProductToCartTest" name="Login" time="40.055"/>
  <testcase classname="com.scripts.AddingProductToCartTest" name="scrollingAndAddingProduct" time="12.41"/>
  <testcase classname="com.scripts.FunctionValidatingTest" name="validateFunctionslity" time="20.959"/>
  <testcase classname="com.scripts.InvalidLoginTest" name="InvalidLoginTesting" time="16.217"/>
  <testcase classname="com.scripts.LoginTest" name="ValidLoginTesting" time="18.251"/>
  <testcase classname="com.scripts.SearchValidateTest" name="loginToApplicationm" time="18.78"/>
  <testcase classname="com.scripts.SearchValidateTest" name="validatingProductSearch" time="13.763"/>
</testsuite>