<?xml version="1.0" encoding="UTF-8"?>
<!-- Generated by org.testng.reporters.JUnitXMLReporter -->
<testsuite ignored="20" hostname="GopinathKumsi" failures="0" tests="7" name="Command line test" time="370.148" errors="0" timestamp="2020-09-01T15:33:05 IST">
  <testcase classname="com.scripts.AddingProductToCartTest" name="Login" time="40.011"/>
  <testcase classname="com.scripts.AddingProductToCartTest" name="scrollingAndAddingProduct" time="12.431"/>
  <testcase classname="com.scripts.FunctionValidatingTest" name="validateFunctionslity" time="20.96"/>
  <testcase classname="com.scripts.InvalidLoginTest" name="InvalidLoginTesting" time="16.204"/>
  <testcase classname="com.scripts.LoginTest" name="ValidLoginTesting" time="18.268"/>
  <testcase classname="com.scripts.SearchValidateTest" name="loginToApplicationm" time="18.797"/>
  <testcase classname="com.scripts.SearchValidateTest" name="validatingProductSearch" time="13.787"/>
  <testcase classname="com.common.BaseTest" name="@BeforeSuite initFrameWork" time="0.0">
    <ignored/>
  </testcase> <!-- @BeforeSuite initFrameWork -->
  <testcase classname="com.common.BaseTest" name="@BeforeSuite initFrameWork" time="0.0">
    <ignored/>
  </testcase> <!-- @BeforeSuite initFrameWork -->
  <testcase classname="com.common.BaseTest" name="@BeforeSuite initFrameWork" time="0.0">
    <ignored/>
  </testcase> <!-- @BeforeSuite initFrameWork -->
  <testcase classname="com.common.BaseTest" name="@BeforeSuite initFrameWork" time="0.0">
    <ignored/>
  </testcase> <!-- @BeforeSuite initFrameWork -->
  <testcase classname="com.common.BaseTest" name="@BeforeSuite initFrameWork" time="0.0">
    <ignored/>
  </testcase> <!-- @BeforeSuite initFrameWork -->
  <testcase classname="com.common.BaseTest" name="@BeforeTest initBrowser" time="0.0">
    <ignored/>
  </testcase> <!-- @BeforeTest initBrowser -->
  <testcase classname="com.common.BaseTest" name="@BeforeTest initBrowser" time="0.0">
    <ignored/>
  </testcase> <!-- @BeforeTest initBrowser -->
  <testcase classname="com.common.BaseTest" name="@BeforeTest initBrowser" time="0.0">
    <ignored/>
  </testcase> <!-- @BeforeTest initBrowser -->
  <testcase classname="com.common.BaseTest" name="@BeforeTest initBrowser" time="0.0">
    <ignored/>
  </testcase> <!-- @BeforeTest initBrowser -->
  <testcase classname="com.common.BaseTest" name="@BeforeTest initBrowser" time="0.0">
    <ignored/>
  </testcase> <!-- @BeforeTest initBrowser -->
  <testcase classname="com.common.BaseTest" name="@AfterTest closeBrowser" time="0.0">
    <ignored/>
  </testcase> <!-- @AfterTest closeBrowser -->
  <testcase classname="com.common.BaseTest" name="@AfterTest closeBrowser" time="0.0">
    <ignored/>
  </testcase> <!-- @AfterTest closeBrowser -->
  <testcase classname="com.common.BaseTest" name="@AfterTest closeBrowser" time="0.0">
    <ignored/>
  </testcase> <!-- @AfterTest closeBrowser -->
  <testcase classname="com.common.BaseTest" name="@AfterTest closeBrowser" time="0.0">
    <ignored/>
  </testcase> <!-- @AfterTest closeBrowser -->
  <testcase classname="com.common.BaseTest" name="@AfterTest closeBrowser" time="0.0">
    <ignored/>
  </testcase> <!-- @AfterTest closeBrowser -->
  <testcase classname="com.common.BaseTest" name="@AfterSuite closeFrameWork" time="0.0">
    <ignored/>
  </testcase> <!-- @AfterSuite closeFrameWork -->
  <testcase classname="com.common.BaseTest" name="@AfterSuite closeFrameWork" time="0.0">
    <ignored/>
  </testcase> <!-- @AfterSuite closeFrameWork -->
  <testcase classname="com.common.BaseTest" name="@AfterSuite closeFrameWork" time="0.0">
    <ignored/>
  </testcase> <!-- @AfterSuite closeFrameWork -->
  <testcase classname="com.common.BaseTest" name="@AfterSuite closeFrameWork" time="0.0">
    <ignored/>
  </testcase> <!-- @AfterSuite closeFrameWork -->
  <testcase classname="com.common.BaseTest" name="@AfterSuite closeFrameWork" time="0.0">
    <ignored/>
  </testcase> <!-- @AfterSuite closeFrameWork -->
</testsuite> <!-- Command line test -->
