<?xml version="1.0" encoding="UTF-8"?>
<!-- Generated by org.testng.reporters.JUnitXMLReporter -->
<testsuite ignored="20" hostname="GopinathKumsi" failures="0" tests="7" name="Command line test" time="224.347" errors="0" timestamp="2020-08-27T14:17:08 IST">
  <testcase classname="com.scripts.AddingProductToCartTest" name="Login" time="20.656"/>
  <testcase classname="com.scripts.AddingProductToCartTest" name="scrollingAndAddingProduct" time="6.751"/>
  <testcase classname="com.scripts.FunctionValidatingTest" name="validateFunctionslity" time="11.146"/>
  <testcase classname="com.scripts.InvalidLoginTest" name="InvalidLoginTesting" time="16.537"/>
  <testcase classname="com.scripts.LoginTest" name="ValidLoginTesting" time="15.486"/>
  <testcase classname="com.scripts.SearchValidateTest" name="loginToApplicationm" time="15.549"/>
  <testcase classname="com.scripts.SearchValidateTest" name="validatingProductSearch" time="7.923"/>
  <testcase classname="com.common.BaseTest" name="@BeforeSuite initFrameWork" time="0.0">
    <ignored/>
  </testcase> <!-- @BeforeSuite initFrameWork -->
  <testcase classname="com.common.BaseTest" name="@BeforeSuite initFrameWork" time="0.0">
    <ignored/>
  </testcase> <!-- @BeforeSuite initFrameWork -->
  <testcase classname="com.common.BaseTest" name="@BeforeSuite initFrameWork" time="0.0">
    <ignored/>
  </testcase> <!-- @BeforeSuite initFrameWork -->
  <testcase classname="com.common.BaseTest" name="@BeforeSuite initFrameWork" time="0.0">
    <ignored/>
  </testcase> <!-- @BeforeSuite initFrameWork -->
  <testcase classname="com.common.BaseTest" name="@BeforeSuite initFrameWork" time="0.0">
    <ignored/>
  </testcase> <!-- @BeforeSuite initFrameWork -->
  <testcase classname="com.common.BaseTest" name="@BeforeTest initBrowser" time="0.0">
    <ignored/>
  </testcase> <!-- @BeforeTest initBrowser -->
  <testcase classname="com.common.BaseTest" name="@BeforeTest initBrowser" time="0.0">
    <ignored/>
  </testcase> <!-- @BeforeTest initBrowser -->
  <testcase classname="com.common.BaseTest" name="@BeforeTest initBrowser" time="0.0">
    <ignored/>
  </testcase> <!-- @BeforeTest initBrowser -->
  <testcase classname="com.common.BaseTest" name="@BeforeTest initBrowser" time="0.0">
    <ignored/>
  </testcase> <!-- @BeforeTest initBrowser -->
  <testcase classname="com.common.BaseTest" name="@BeforeTest initBrowser" time="0.0">
    <ignored/>
  </testcase> <!-- @BeforeTest initBrowser -->
  <testcase classname="com.common.BaseTest" name="@AfterTest closeBrowser" time="0.0">
    <ignored/>
  </testcase> <!-- @AfterTest closeBrowser -->
  <testcase classname="com.common.BaseTest" name="@AfterTest closeBrowser" time="0.0">
    <ignored/>
  </testcase> <!-- @AfterTest closeBrowser -->
  <testcase classname="com.common.BaseTest" name="@AfterTest closeBrowser" time="0.0">
    <ignored/>
  </testcase> <!-- @AfterTest closeBrowser -->
  <testcase classname="com.common.BaseTest" name="@AfterTest closeBrowser" time="0.0">
    <ignored/>
  </testcase> <!-- @AfterTest closeBrowser -->
  <testcase classname="com.common.BaseTest" name="@AfterTest closeBrowser" time="0.0">
    <ignored/>
  </testcase> <!-- @AfterTest closeBrowser -->
  <testcase classname="com.common.BaseTest" name="@AfterSuite closeFrameWork" time="0.0">
    <ignored/>
  </testcase> <!-- @AfterSuite closeFrameWork -->
  <testcase classname="com.common.BaseTest" name="@AfterSuite closeFrameWork" time="0.0">
    <ignored/>
  </testcase> <!-- @AfterSuite closeFrameWork -->
  <testcase classname="com.common.BaseTest" name="@AfterSuite closeFrameWork" time="0.0">
    <ignored/>
  </testcase> <!-- @AfterSuite closeFrameWork -->
  <testcase classname="com.common.BaseTest" name="@AfterSuite closeFrameWork" time="0.0">
    <ignored/>
  </testcase> <!-- @AfterSuite closeFrameWork -->
  <testcase classname="com.common.BaseTest" name="@AfterSuite closeFrameWork" time="0.0">
    <ignored/>
  </testcase> <!-- @AfterSuite closeFrameWork -->
</testsuite> <!-- Command line test -->
